# JRE version: Java(TM) SE Runtime Environment 18.9 (11.0.10+8) (build 11.0.10+8-LTS-162)
# Java VM: Java HotSpot(TM) 64-Bit Server VM 18.9 (11.0.10+8-LTS-162, mixed mode, tiered, compressed oops, g1 gc, windows-amd64)
Heap:
 garbage-first heap   total 157696K, used 25600K [0x0000000081c00000, 0x0000000100000000)
  region size 1024K, 5 young (5120K), 5 survivors (5120K)
 Metaspace       used 57319K, capacity 58966K, committed 59056K, reserved 1112064K
  class space    used 7484K, capacity 8150K, committed 8192K, reserved 1048576K
GC Heap History (10 events):
Event: 9.377 GC heap before
{Heap before GC invocations=7 (full 0):
 garbage-first heap   total 131072K, used 83764K [0x0000000081c00000, 0x0000000100000000)
  region size 1024K, 76 young (77824K), 8 survivors (8192K)
 Metaspace       used 33672K, capacity 34975K, committed 35120K, reserved 1079296K
  class space    used 4213K, capacity 4726K, committed 4736K, reserved 1048576K
}
Event: 9.392 GC heap after
{Heap after GC invocations=8 (full 0):
 garbage-first heap   total 131072K, used 16642K [0x0000000081c00000, 0x0000000100000000)
  region size 1024K, 7 young (7168K), 7 survivors (7168K)
 Metaspace       used 33672K, capacity 34975K, committed 35120K, reserved 1079296K
  class space    used 4213K, capacity 4726K, committed 4736K, reserved 1048576K
}
Event: 9.620 GC heap before
{Heap before GC invocations=8 (full 0):
 garbage-first heap   total 131072K, used 23810K [0x0000000081c00000, 0x0000000100000000)
  region size 1024K, 15 young (15360K), 7 survivors (7168K)
 Metaspace       used 34518K, capacity 35840K, committed 35920K, reserved 1081344K
  class space    used 4346K, capacity 4864K, committed 4864K, reserved 1048576K
}
Event: 9.642 GC heap after
{Heap after GC invocations=9 (full 0):
 garbage-first heap   total 131072K, used 16791K [0x0000000081c00000, 0x0000000100000000)
  region size 1024K, 6 young (6144K), 6 survivors (6144K)
 Metaspace       used 34518K, capacity 35840K, committed 35920K, reserved 1081344K
  class space    used 4346K, capacity 4864K, committed 4864K, reserved 1048576K
}
Event: 11.734 GC heap before
{Heap before GC invocations=10 (full 0):
 garbage-first heap   total 131072K, used 87447K [0x0000000081c00000, 0x0000000100000000)
  region size 1024K, 76 young (77824K), 6 survivors (6144K)
 Metaspace       used 47826K, capacity 49239K, committed 49456K, reserved 1091584K
  class space    used 6133K, capacity 6682K, committed 6784K, reserved 1048576K
}
Event: 11.751 GC heap after
{Heap after GC invocations=11 (full 0):
 garbage-first heap   total 157696K, used 21110K [0x0000000081c00000, 0x0000000100000000)
  region size 1024K, 10 young (10240K), 10 survivors (10240K)
 Metaspace       used 47826K, capacity 49239K, committed 49456K, reserved 1091584K
  class space    used 6133K, capacity 6682K, committed 6784K, reserved 1048576K
}
Event: 13.691 GC heap before
{Heap before GC invocations=12 (full 0):
 garbage-first heap   total 157696K, used 103030K [0x0000000081c00000, 0x0000000100000000)
  region size 1024K, 91 young (93184K), 10 survivors (10240K)
 Metaspace       used 57121K, capacity 58825K, committed 59056K, reserved 1103872K
  class space    used 7459K, capacity 8146K, committed 8192K, reserved 1048576K
}
Event: 13.712 GC heap after
{Heap after GC invocations=13 (full 0):
 garbage-first heap   total 157696K, used 25340K [0x0000000081c00000, 0x0000000100000000)
  region size 1024K, 11 young (11264K), 11 survivors (11264K)
 Metaspace       used 57121K, capacity 58825K, committed 59056K, reserved 1103872K
  class space    used 7459K, capacity 8146K, committed 8192K, reserved 1048576K
}
Event: 13.746 GC heap before
{Heap before GC invocations=13 (full 0):
 garbage-first heap   total 157696K, used 26364K [0x0000000081c00000, 0x0000000100000000)
  region size 1024K, 13 young (13312K), 11 survivors (11264K)
 Metaspace       used 57319K, capacity 58966K, committed 59056K, reserved 1110016K
  class space    used 7484K, capacity 8150K, committed 8192K, reserved 1048576K
}
Event: 13.762 GC heap after
{Heap after GC invocations=14 (full 0):
 garbage-first heap   total 157696K, used 25600K [0x0000000081c00000, 0x0000000100000000)
  region size 1024K, 5 young (5120K), 5 survivors (5120K)
 Metaspace       used 57319K, capacity 58966K, committed 59056K, reserved 1110016K
  class space    used 7484K, capacity 8150K, committed 8192K, reserved 1048576K
}

